C51 COMPILER V9.60.7.0   APP_EC11                                                          01/05/2026 22:26:27 PAGE 1   


C51 COMPILER V9.60.7.0, COMPILATION OF MODULE APP_EC11
OBJECT MODULE PLACED IN .\Objects\App_EC11.obj
COMPILER INVOKED BY: E:\AAAAAA\Keil_v5\C51\BIN\C51.EXE App\App_EC11.c LARGE OPTIMIZE(8,SPEED) BROWSE INCDIR(.\User;.\Lib
                    -;.\Hardware;.\App;.\Bare-MetalMultitasking;.\Hardware\I2Csoft_oled) DEBUG OBJECTEXTEND PRINT(.\Listings\App_EC11.lst) OB
                    -JECT(.\Objects\App_EC11.obj)

line level    source

   1          #include "App.h"
   2          #include "EC11.h"
   3          //       0      1       2      3     4      5     6       7                             
   4          //  red  orange  yellow  green  cyan  blue  purple   无色                                                                                                             
   5          // 0    5      10                15     20    25    30      35                                                                                                          
   6          #if EC11
              void App_EC11_Btn(){                            
                              EC11_Btn_Scan();
              }               
              
              void App_EC11_Knob(){
              
              }
              #endif


MODULE INFORMATION:   STATIC OVERLAYABLE
   CODE SIZE        =   ----    ----
   CONSTANT SIZE    =   ----    ----
   XDATA SIZE       =   ----    ----
   PDATA SIZE       =   ----    ----
   DATA SIZE        =   ----    ----
   IDATA SIZE       =   ----    ----
   BIT SIZE         =   ----    ----
END OF MODULE INFORMATION.


C51 COMPILATION COMPLETE.  0 WARNING(S),  0 ERROR(S)
