C51 COMPILER V9.60.7.0   EXTI_ISR                                                          01/05/2026 22:26:26 PAGE 1   


C51 COMPILER V9.60.7.0, COMPILATION OF MODULE EXTI_ISR
OBJECT MODULE PLACED IN .\Objects\Exti_Isr.obj
COMPILER INVOKED BY: E:\AAAAAA\Keil_v5\C51\BIN\C51.EXE Lib\Exti_Isr.c LARGE OPTIMIZE(8,SPEED) BROWSE INCDIR(.\User;.\Lib
                    -;.\Hardware;.\App;.\Bare-MetalMultitasking;.\Hardware\I2Csoft_oled) DEBUG OBJECTEXTEND PRINT(.\Listings\Exti_Isr.lst) OB
                    -JECT(.\Objects\Exti_Isr.obj)

line level    source

   1          /*---------------------------------------------------------------------*/
   2          /* --- STC MCU Limited ------------------------------------------------*/
   3          /* --- STC 1T Series MCU Demo Programme -------------------------------*/
   4          /* --- Mobile: (86)13922805190 ----------------------------------------*/
   5          /* --- Fax: 86-0513-55012956,55012947,55012969 ------------------------*/
   6          /* --- Tel: 86-0513-55012928,55012929,55012966 ------------------------*/
   7          /* --- Web: www.STCAI.com ---------------------------------------------*/
   8          /* --- BBS: www.STCAIMCU.com  -----------------------------------------*/
   9          /* --- QQ:  800003751 -------------------------------------------------*/
  10          /* 如果要在程序中使用此代码,请在程序中注明使用了STC的资料及程序            */
  11          /*---------------------------------------------------------------------*/
  12          
  13          #include        "Exti.h"
  14          
  15          //========================================================================
  16          //                               本地变量声明
  17          //========================================================================
  18          
  19          u8 WakeUpSource;
  20          
  21          
  22          //========================================================================
  23          // 函数: INT0_ISR_Handler
  24          // 描述: INT0中断函数.
  25          // 参数: none.
  26          // 返回: none.
  27          // 版本: V1.0, 2020-09-23
  28          //========================================================================
  29          void INT0_ISR_Handler (void) interrupt INT0_VECTOR              //进中断时已经清除标志
  30          {
  31   1              // TODO: 在此处添加用户代码
  32   1      //      P00 = ~P00;
  33   1      //      WakeUpSource = 1;
  34   1      
  35   1      }
  36          
  37          //========================================================================
  38          // 函数: INT1_ISR_Handler
  39          // 描述: INT1中断函数.
  40          // 参数: none.
  41          // 返回: none.
  42          // 版本: V1.0, 2020-09-23
  43          //========================================================================
  44          void INT1_ISR_Handler (void) interrupt INT1_VECTOR              //进中断时已经清除标志
  45          {
  46   1              // TODO: 在此处添加用户代码
  47   1      //      P01 = ~P01;
  48   1              WakeUpSource = 2;
  49   1      }
  50          
  51          //========================================================================
  52          // 函数: INT2_ISR_Handler
  53          // 描述: INT2中断函数.
C51 COMPILER V9.60.7.0   EXTI_ISR                                                          01/05/2026 22:26:26 PAGE 2   

  54          // 参数: none.
  55          // 返回: none.
  56          // 版本: V1.0, 2020-09-23
  57          //========================================================================
  58          
  59          //========================================================================
  60          // 函数: INT4_ISR_Handler
  61          // 描述: INT4中断函数.
  62          // 参数: none.
  63          // 返回: none.
  64          // 版本: V1.0, 2020-09-23
  65          //========================================================================
  66          void INT4_ISR_Handler (void) interrupt INT4_VECTOR              //进中断时已经清除标志
  67          {
  68   1              // TODO: 在此处添加用户代码
  69   1      //      P04 = ~P04;
  70   1              WakeUpSource = 5;
  71   1      }


MODULE INFORMATION:   STATIC OVERLAYABLE
   CODE SIZE        =     39    ----
   CONSTANT SIZE    =   ----    ----
   XDATA SIZE       =      1    ----
   PDATA SIZE       =   ----    ----
   DATA SIZE        =   ----    ----
   IDATA SIZE       =   ----    ----
   BIT SIZE         =   ----    ----
END OF MODULE INFORMATION.


C51 COMPILATION COMPLETE.  0 WARNING(S),  0 ERROR(S)
