C51 COMPILER V9.60.7.0   TIMER_ISR                                                         01/05/2026 22:26:26 PAGE 1   


C51 COMPILER V9.60.7.0, COMPILATION OF MODULE TIMER_ISR
OBJECT MODULE PLACED IN .\Objects\Timer_Isr.obj
COMPILER INVOKED BY: E:\AAAAAA\Keil_v5\C51\BIN\C51.EXE Lib\Timer_Isr.c LARGE OPTIMIZE(8,SPEED) BROWSE INCDIR(.\User;.\Li
                    -b;.\Hardware;.\App;.\Bare-MetalMultitasking;.\Hardware\I2Csoft_oled) DEBUG OBJECTEXTEND PRINT(.\Listings\Timer_Isr.lst) 
                    -OBJECT(.\Objects\Timer_Isr.obj)

line level    source

   1          /*---------------------------------------------------------------------*/
   2          /* --- STC MCU Limited ------------------------------------------------*/
   3          /* --- STC 1T Series MCU Demo Programme -------------------------------*/
   4          /* --- Mobile: (86)13922805190 ----------------------------------------*/
   5          /* --- Fax: 86-0513-55012956,55012947,55012969 ------------------------*/
   6          /* --- Tel: 86-0513-55012928,55012929,55012966 ------------------------*/
   7          /* --- Web: www.STCAI.com ---------------------------------------------*/
   8          /* --- BBS: www.STCAIMCU.com  -----------------------------------------*/
   9          /* --- QQ:  800003751 -------------------------------------------------*/
  10          /* 如果要在程序中使用此代码,请在程序中注明使用了STC的资料及程序            */
  11          /*---------------------------------------------------------------------*/
  12          
  13          #include        "Timer.h"
  14          
  15          //========================================================================
  16          // 函数: Timer0_ISR_Handler
  17          // 描述: Timer0中断函数.
  18          // 参数: none.
  19          // 返回: none.
  20          // 版本: V1.0, 2020-09-23
  21          //========================================================================
  22          
  23          
  24          //========================================================================
  25          // 函数: Timer1_ISR_Handler
  26          // 描述: Timer1中断函数.
  27          // 参数: none.
  28          // 返回: none.
  29          // 版本: V1.0, 2020-09-23
  30          //========================================================================
  31          
  32          void Timer1_ISR_Handler (void) interrupt TMR1_VECTOR            //进中断时已经清除标志
  33          {
  34   1              // TODO: 在此处添加用户代码
  35   1         P67 = ~P67;
  36   1      } 
  37          //========================================================================
  38          // 函数: Timer2_ISR_Handler
  39          // 描述: Timer2中断函数.
  40          // 参数: none.
  41          // 返回: none.
  42          // 版本: V1.0, 2020-09-23
  43          //========================================================================
  44          void Timer2_ISR_Handler (void) interrupt TMR2_VECTOR            //进中断时已经清除标志
  45          {
  46   1              // TODO: 在此处添加用户代码
  47   1              P65 = ~P65;
  48   1      }
  49          
  50          //========================================================================
  51          // 函数: Timer3_ISR_Handler
  52          // 描述: Timer3中断函数.
  53          // 参数: none.
C51 COMPILER V9.60.7.0   TIMER_ISR                                                         01/05/2026 22:26:26 PAGE 2   

  54          // 返回: none.
  55          // 版本: V1.0, 2020-09-23
  56          //========================================================================
  57          void Timer3_ISR_Handler (void) interrupt TMR3_VECTOR            //进中断时已经清除标志
  58          {
  59   1              // TODO: 在此处添加用户代码
  60   1              P64 = ~P64;
  61   1      }
  62          
  63          //========================================================================
  64          // 函数: Timer4_ISR_Handler
  65          // 描述: Timer4中断函数.
  66          // 参数: none.
  67          // 返回: none.
  68          // 版本: V1.0, 2020-09-23
  69          //========================================================================
  70          void Timer4_ISR_Handler (void) interrupt TMR4_VECTOR            //进中断时已经清除标志
  71          {
  72   1              // TODO: 在此处添加用户代码
  73   1              P63 = ~P63;
  74   1      }


MODULE INFORMATION:   STATIC OVERLAYABLE
   CODE SIZE        =     12    ----
   CONSTANT SIZE    =   ----    ----
   XDATA SIZE       =   ----    ----
   PDATA SIZE       =   ----    ----
   DATA SIZE        =   ----    ----
   IDATA SIZE       =   ----    ----
   BIT SIZE         =   ----    ----
END OF MODULE INFORMATION.


C51 COMPILATION COMPLETE.  0 WARNING(S),  0 ERROR(S)
